2019-08-08 22:00:12,917 0      [           main] DEBUG ache.ibatis.logging.LogFactory  - Logging initialized using 'class org.apache.ibatis.logging.log4j.Log4jImpl' adapter.
2019-08-08 22:00:12,985 68     [           main] DEBUG source.pooled.PooledDataSource  - PooledDataSource forcefully closed/removed all connections.
2019-08-08 22:00:12,986 69     [           main] DEBUG source.pooled.PooledDataSource  - PooledDataSource forcefully closed/removed all connections.
2019-08-08 22:00:12,986 69     [           main] DEBUG source.pooled.PooledDataSource  - PooledDataSource forcefully closed/removed all connections.
2019-08-08 22:00:12,986 69     [           main] DEBUG source.pooled.PooledDataSource  - PooledDataSource forcefully closed/removed all connections.
2019-08-08 22:00:13,175 258    [           main] DEBUG ansaction.jdbc.JdbcTransaction  - Opening JDBC Connection
2019-08-08 22:00:13,916 999    [           main] DEBUG source.pooled.PooledDataSource  - Created connection 1843289228.
2019-08-08 22:00:13,916 999    [           main] DEBUG ansaction.jdbc.JdbcTransaction  - Setting autocommit to false on JDBC Connection [com.mysql.jdbc.JDBC4Connection@6dde5c8c]
2019-08-08 22:00:13,930 1013   [           main] DEBUG m.itheima.dao.IUserDao.findAll  - ==>  Preparing: select * from user 
2019-08-08 22:00:14,045 1128   [           main] DEBUG m.itheima.dao.IUserDao.findAll  - ==> Parameters: 
2019-08-08 22:00:14,093 1176   [           main] DEBUG m.itheima.dao.IUserDao.findAll  - <==      Total: 6
2019-08-08 22:00:14,096 1179   [           main] DEBUG ansaction.jdbc.JdbcTransaction  - Resetting autocommit to true on JDBC Connection [com.mysql.jdbc.JDBC4Connection@6dde5c8c]
2019-08-08 22:00:14,097 1180   [           main] DEBUG ansaction.jdbc.JdbcTransaction  - Closing JDBC Connection [com.mysql.jdbc.JDBC4Connection@6dde5c8c]
2019-08-08 22:00:14,097 1180   [           main] DEBUG source.pooled.PooledDataSource  - Returned connection 1843289228 to pool.
2019-08-09 17:25:54,360 0      [           main] DEBUG ache.ibatis.logging.LogFactory  - Logging initialized using 'class org.apache.ibatis.logging.log4j.Log4jImpl' adapter.
2019-08-09 17:25:54,413 53     [           main] DEBUG source.pooled.PooledDataSource  - PooledDataSource forcefully closed/removed all connections.
2019-08-09 17:25:54,413 53     [           main] DEBUG source.pooled.PooledDataSource  - PooledDataSource forcefully closed/removed all connections.
2019-08-09 17:25:54,413 53     [           main] DEBUG source.pooled.PooledDataSource  - PooledDataSource forcefully closed/removed all connections.
2019-08-09 17:25:54,413 53     [           main] DEBUG source.pooled.PooledDataSource  - PooledDataSource forcefully closed/removed all connections.
2019-08-09 17:25:54,650 290    [           main] DEBUG ansaction.jdbc.JdbcTransaction  - Opening JDBC Connection
2019-08-09 17:25:55,256 896    [           main] DEBUG source.pooled.PooledDataSource  - Created connection 1843289228.
2019-08-09 17:25:55,257 897    [           main] DEBUG ansaction.jdbc.JdbcTransaction  - Setting autocommit to false on JDBC Connection [com.mysql.jdbc.JDBC4Connection@6dde5c8c]
2019-08-09 17:25:55,265 905    [           main] DEBUG m.itheima.dao.IUserDao.findAll  - ==>  Preparing: select * from user 
2019-08-09 17:25:55,336 976    [           main] DEBUG m.itheima.dao.IUserDao.findAll  - ==> Parameters: 
2019-08-09 17:25:55,411 1051   [           main] DEBUG m.itheima.dao.IUserDao.findAll  - <==      Total: 6
2019-08-09 17:25:55,412 1052   [           main] DEBUG ansaction.jdbc.JdbcTransaction  - Resetting autocommit to true on JDBC Connection [com.mysql.jdbc.JDBC4Connection@6dde5c8c]
2019-08-09 17:25:55,412 1052   [           main] DEBUG ansaction.jdbc.JdbcTransaction  - Closing JDBC Connection [com.mysql.jdbc.JDBC4Connection@6dde5c8c]
2019-08-09 17:25:55,412 1052   [           main] DEBUG source.pooled.PooledDataSource  - Returned connection 1843289228 to pool.
2019-08-09 18:02:05,114 0      [           main] DEBUG ache.ibatis.logging.LogFactory  - Logging initialized using 'class org.apache.ibatis.logging.log4j.Log4jImpl' adapter.
2019-08-09 18:02:05,184 70     [           main] DEBUG source.pooled.PooledDataSource  - PooledDataSource forcefully closed/removed all connections.
2019-08-09 18:02:05,184 70     [           main] DEBUG source.pooled.PooledDataSource  - PooledDataSource forcefully closed/removed all connections.
2019-08-09 18:02:05,184 70     [           main] DEBUG source.pooled.PooledDataSource  - PooledDataSource forcefully closed/removed all connections.
2019-08-09 18:02:05,184 70     [           main] DEBUG source.pooled.PooledDataSource  - PooledDataSource forcefully closed/removed all connections.
2019-08-09 18:02:05,329 215    [           main] DEBUG ansaction.jdbc.JdbcTransaction  - Opening JDBC Connection
2019-08-09 18:02:05,719 605    [           main] DEBUG source.pooled.PooledDataSource  - Created connection 2124046270.
2019-08-09 18:02:05,720 606    [           main] DEBUG ansaction.jdbc.JdbcTransaction  - Setting autocommit to false on JDBC Connection [com.mysql.jdbc.JDBC4Connection@7e9a5fbe]
2019-08-09 18:02:05,728 614    [           main] DEBUG .itheima.dao.IUserDao.saveUser  - ==>  Preparing: insert into user values(null,?,?,?,?); 
2019-08-09 18:02:05,807 693    [           main] DEBUG .itheima.dao.IUserDao.saveUser  - ==> Parameters: mybatis saveuser(String), 2019-08-09 18:02:04.583(Timestamp), 男1(String), 北京市顺义区(String)
2019-08-09 18:03:03,675 0      [           main] DEBUG ache.ibatis.logging.LogFactory  - Logging initialized using 'class org.apache.ibatis.logging.log4j.Log4jImpl' adapter.
2019-08-09 18:03:03,726 51     [           main] DEBUG source.pooled.PooledDataSource  - PooledDataSource forcefully closed/removed all connections.
2019-08-09 18:03:03,726 51     [           main] DEBUG source.pooled.PooledDataSource  - PooledDataSource forcefully closed/removed all connections.
2019-08-09 18:03:03,727 52     [           main] DEBUG source.pooled.PooledDataSource  - PooledDataSource forcefully closed/removed all connections.
2019-08-09 18:03:03,727 52     [           main] DEBUG source.pooled.PooledDataSource  - PooledDataSource forcefully closed/removed all connections.
2019-08-09 18:03:03,878 203    [           main] DEBUG ansaction.jdbc.JdbcTransaction  - Opening JDBC Connection
2019-08-09 18:03:04,254 579    [           main] DEBUG source.pooled.PooledDataSource  - Created connection 2124046270.
2019-08-09 18:03:04,254 579    [           main] DEBUG ansaction.jdbc.JdbcTransaction  - Setting autocommit to false on JDBC Connection [com.mysql.jdbc.JDBC4Connection@7e9a5fbe]
2019-08-09 18:03:04,262 587    [           main] DEBUG .itheima.dao.IUserDao.saveUser  - ==>  Preparing: insert into user values(null,?,?,?,?); 
2019-08-09 18:03:04,329 654    [           main] DEBUG .itheima.dao.IUserDao.saveUser  - ==> Parameters: mybatis saveuser(String), 2019-08-09 18:03:03.167(Timestamp), 男(String), 北京市顺义区(String)
2019-08-09 18:03:04,331 656    [           main] DEBUG .itheima.dao.IUserDao.saveUser  - <==    Updates: 1
2019-08-09 18:03:04,332 657    [           main] DEBUG ansaction.jdbc.JdbcTransaction  - Rolling back JDBC Connection [com.mysql.jdbc.JDBC4Connection@7e9a5fbe]
2019-08-09 18:03:04,340 665    [           main] DEBUG ansaction.jdbc.JdbcTransaction  - Resetting autocommit to true on JDBC Connection [com.mysql.jdbc.JDBC4Connection@7e9a5fbe]
2019-08-09 18:03:04,341 666    [           main] DEBUG ansaction.jdbc.JdbcTransaction  - Closing JDBC Connection [com.mysql.jdbc.JDBC4Connection@7e9a5fbe]
2019-08-09 18:03:04,341 666    [           main] DEBUG source.pooled.PooledDataSource  - Returned connection 2124046270 to pool.
2019-08-09 18:14:00,890 0      [           main] DEBUG ache.ibatis.logging.LogFactory  - Logging initialized using 'class org.apache.ibatis.logging.log4j.Log4jImpl' adapter.
2019-08-09 18:14:00,942 52     [           main] DEBUG source.pooled.PooledDataSource  - PooledDataSource forcefully closed/removed all connections.
2019-08-09 18:14:00,943 53     [           main] DEBUG source.pooled.PooledDataSource  - PooledDataSource forcefully closed/removed all connections.
2019-08-09 18:14:00,943 53     [           main] DEBUG source.pooled.PooledDataSource  - PooledDataSource forcefully closed/removed all connections.
2019-08-09 18:14:00,943 53     [           main] DEBUG source.pooled.PooledDataSource  - PooledDataSource forcefully closed/removed all connections.
2019-08-09 18:14:01,111 221    [           main] DEBUG ansaction.jdbc.JdbcTransaction  - Opening JDBC Connection
2019-08-09 18:14:01,567 677    [           main] DEBUG source.pooled.PooledDataSource  - Created connection 2124046270.
2019-08-09 18:14:01,568 678    [           main] DEBUG ansaction.jdbc.JdbcTransaction  - Setting autocommit to false on JDBC Connection [com.mysql.jdbc.JDBC4Connection@7e9a5fbe]
2019-08-09 18:14:01,575 685    [           main] DEBUG .itheima.dao.IUserDao.saveUser  - ==>  Preparing: insert into user values(null,?,?,?,?); 
2019-08-09 18:14:01,637 747    [           main] DEBUG .itheima.dao.IUserDao.saveUser  - ==> Parameters: mybatis saveuser(String), 2019-08-09 18:14:01.089(Timestamp), 男(String), 北京市顺义区(String)
2019-08-09 18:14:01,639 749    [           main] DEBUG .itheima.dao.IUserDao.saveUser  - <==    Updates: 1
2019-08-09 18:14:01,640 750    [           main] DEBUG ansaction.jdbc.JdbcTransaction  - Rolling back JDBC Connection [com.mysql.jdbc.JDBC4Connection@7e9a5fbe]
2019-08-09 18:14:01,643 753    [           main] DEBUG ansaction.jdbc.JdbcTransaction  - Resetting autocommit to true on JDBC Connection [com.mysql.jdbc.JDBC4Connection@7e9a5fbe]
2019-08-09 18:14:01,643 753    [           main] DEBUG ansaction.jdbc.JdbcTransaction  - Closing JDBC Connection [com.mysql.jdbc.JDBC4Connection@7e9a5fbe]
2019-08-09 18:14:01,643 753    [           main] DEBUG source.pooled.PooledDataSource  - Returned connection 2124046270 to pool.
2019-08-09 18:14:24,296 0      [           main] DEBUG ache.ibatis.logging.LogFactory  - Logging initialized using 'class org.apache.ibatis.logging.log4j.Log4jImpl' adapter.
2019-08-09 18:14:24,343 47     [           main] DEBUG source.pooled.PooledDataSource  - PooledDataSource forcefully closed/removed all connections.
2019-08-09 18:14:24,343 47     [           main] DEBUG source.pooled.PooledDataSource  - PooledDataSource forcefully closed/removed all connections.
2019-08-09 18:14:24,343 47     [           main] DEBUG source.pooled.PooledDataSource  - PooledDataSource forcefully closed/removed all connections.
2019-08-09 18:14:24,343 47     [           main] DEBUG source.pooled.PooledDataSource  - PooledDataSource forcefully closed/removed all connections.
2019-08-09 18:14:24,483 187    [           main] DEBUG ansaction.jdbc.JdbcTransaction  - Opening JDBC Connection
2019-08-09 18:14:24,888 592    [           main] DEBUG source.pooled.PooledDataSource  - Created connection 900008524.
2019-08-09 18:14:24,889 593    [           main] DEBUG ansaction.jdbc.JdbcTransaction  - Setting autocommit to false on JDBC Connection [com.mysql.jdbc.JDBC4Connection@35a50a4c]
2019-08-09 18:14:24,899 603    [           main] DEBUG m.itheima.dao.IUserDao.findAll  - ==>  Preparing: select * from user; 
2019-08-09 18:14:24,969 673    [           main] DEBUG m.itheima.dao.IUserDao.findAll  - ==> Parameters: 
2019-08-09 18:14:25,006 710    [           main] DEBUG m.itheima.dao.IUserDao.findAll  - <==      Total: 6
2019-08-09 18:14:25,008 712    [           main] DEBUG ansaction.jdbc.JdbcTransaction  - Resetting autocommit to true on JDBC Connection [com.mysql.jdbc.JDBC4Connection@35a50a4c]
2019-08-09 18:14:25,008 712    [           main] DEBUG ansaction.jdbc.JdbcTransaction  - Closing JDBC Connection [com.mysql.jdbc.JDBC4Connection@35a50a4c]
2019-08-09 18:14:25,009 713    [           main] DEBUG source.pooled.PooledDataSource  - Returned connection 900008524 to pool.
2019-08-09 18:14:25,045 749    [           main] DEBUG source.pooled.PooledDataSource  - PooledDataSource forcefully closed/removed all connections.
2019-08-09 18:14:25,045 749    [           main] DEBUG source.pooled.PooledDataSource  - PooledDataSource forcefully closed/removed all connections.
2019-08-09 18:14:25,046 750    [      Finalizer] DEBUG source.pooled.PooledDataSource  - PooledDataSource forcefully closed/removed all connections.
2019-08-09 18:14:25,062 766    [           main] DEBUG source.pooled.PooledDataSource  - PooledDataSource forcefully closed/removed all connections.
2019-08-09 18:14:25,062 766    [           main] DEBUG source.pooled.PooledDataSource  - PooledDataSource forcefully closed/removed all connections.
2019-08-09 18:14:25,083 787    [           main] DEBUG ansaction.jdbc.JdbcTransaction  - Opening JDBC Connection
2019-08-09 18:14:25,092 796    [           main] DEBUG source.pooled.PooledDataSource  - Created connection 1904324159.
2019-08-09 18:14:25,092 796    [           main] DEBUG ansaction.jdbc.JdbcTransaction  - Setting autocommit to false on JDBC Connection [com.mysql.jdbc.JDBC4Connection@7181ae3f]
2019-08-09 18:14:25,093 797    [           main] DEBUG .itheima.dao.IUserDao.saveUser  - ==>  Preparing: insert into user values(null,?,?,?,?); 
2019-08-09 18:14:25,100 804    [           main] DEBUG .itheima.dao.IUserDao.saveUser  - ==> Parameters: mybatis saveuser(String), 2019-08-09 18:14:25.079(Timestamp), 男(String), 北京市顺义区(String)
2019-08-09 18:14:25,101 805    [           main] DEBUG .itheima.dao.IUserDao.saveUser  - <==    Updates: 1
2019-08-09 18:14:25,101 805    [           main] DEBUG ansaction.jdbc.JdbcTransaction  - Rolling back JDBC Connection [com.mysql.jdbc.JDBC4Connection@7181ae3f]
2019-08-09 18:14:25,107 811    [           main] DEBUG ansaction.jdbc.JdbcTransaction  - Resetting autocommit to true on JDBC Connection [com.mysql.jdbc.JDBC4Connection@7181ae3f]
2019-08-09 18:14:25,108 812    [           main] DEBUG ansaction.jdbc.JdbcTransaction  - Closing JDBC Connection [com.mysql.jdbc.JDBC4Connection@7181ae3f]
2019-08-09 18:14:25,108 812    [           main] DEBUG source.pooled.PooledDataSource  - Returned connection 1904324159 to pool.
2019-08-09 18:14:35,709 0      [           main] DEBUG ache.ibatis.logging.LogFactory  - Logging initialized using 'class org.apache.ibatis.logging.log4j.Log4jImpl' adapter.
2019-08-09 18:14:35,753 44     [           main] DEBUG source.pooled.PooledDataSource  - PooledDataSource forcefully closed/removed all connections.
2019-08-09 18:14:35,754 45     [           main] DEBUG source.pooled.PooledDataSource  - PooledDataSource forcefully closed/removed all connections.
2019-08-09 18:14:35,754 45     [           main] DEBUG source.pooled.PooledDataSource  - PooledDataSource forcefully closed/removed all connections.
2019-08-09 18:14:35,754 45     [           main] DEBUG source.pooled.PooledDataSource  - PooledDataSource forcefully closed/removed all connections.
2019-08-09 18:14:35,894 185    [           main] DEBUG ansaction.jdbc.JdbcTransaction  - Opening JDBC Connection
2019-08-09 18:14:36,315 606    [           main] DEBUG source.pooled.PooledDataSource  - Created connection 1412925683.
2019-08-09 18:14:36,316 607    [           main] DEBUG ansaction.jdbc.JdbcTransaction  - Setting autocommit to false on JDBC Connection [com.mysql.jdbc.JDBC4Connection@543788f3]
2019-08-09 18:14:36,326 617    [           main] DEBUG m.itheima.dao.IUserDao.findAll  - ==>  Preparing: select * from user; 
2019-08-09 18:14:36,374 665    [           main] DEBUG m.itheima.dao.IUserDao.findAll  - ==> Parameters: 
2019-08-09 18:14:36,422 713    [           main] DEBUG m.itheima.dao.IUserDao.findAll  - <==      Total: 6
2019-08-09 18:14:36,426 717    [           main] DEBUG ansaction.jdbc.JdbcTransaction  - Resetting autocommit to true on JDBC Connection [com.mysql.jdbc.JDBC4Connection@543788f3]
2019-08-09 18:14:36,426 717    [           main] DEBUG ansaction.jdbc.JdbcTransaction  - Closing JDBC Connection [com.mysql.jdbc.JDBC4Connection@543788f3]
2019-08-09 18:14:36,427 718    [           main] DEBUG source.pooled.PooledDataSource  - Returned connection 1412925683 to pool.
2019-08-09 18:15:44,920 0      [           main] DEBUG ache.ibatis.logging.LogFactory  - Logging initialized using 'class org.apache.ibatis.logging.log4j.Log4jImpl' adapter.
2019-08-09 18:15:44,974 54     [           main] DEBUG source.pooled.PooledDataSource  - PooledDataSource forcefully closed/removed all connections.
2019-08-09 18:15:44,975 55     [           main] DEBUG source.pooled.PooledDataSource  - PooledDataSource forcefully closed/removed all connections.
2019-08-09 18:15:44,977 57     [           main] DEBUG source.pooled.PooledDataSource  - PooledDataSource forcefully closed/removed all connections.
2019-08-09 18:15:44,977 57     [           main] DEBUG source.pooled.PooledDataSource  - PooledDataSource forcefully closed/removed all connections.
2019-08-09 18:15:45,147 227    [           main] DEBUG ansaction.jdbc.JdbcTransaction  - Opening JDBC Connection
2019-08-09 18:15:45,589 669    [           main] DEBUG source.pooled.PooledDataSource  - Created connection 1902260856.
2019-08-09 18:15:45,590 670    [           main] DEBUG ansaction.jdbc.JdbcTransaction  - Setting autocommit to false on JDBC Connection [com.mysql.jdbc.JDBC4Connection@71623278]
2019-08-09 18:15:45,597 677    [           main] DEBUG .itheima.dao.IUserDao.saveUser  - ==>  Preparing: insert into user values(null,?,?,?,?); 
2019-08-09 18:15:45,689 769    [           main] DEBUG .itheima.dao.IUserDao.saveUser  - ==> Parameters: mybatis saveuser(String), 2019-08-09 18:15:45.122(Timestamp), 男(String), 北京市顺义区(String)
2019-08-09 18:15:45,691 771    [           main] DEBUG .itheima.dao.IUserDao.saveUser  - <==    Updates: 1
2019-08-09 18:15:45,692 772    [           main] DEBUG ansaction.jdbc.JdbcTransaction  - Rolling back JDBC Connection [com.mysql.jdbc.JDBC4Connection@71623278]
2019-08-09 18:15:45,694 774    [           main] DEBUG ansaction.jdbc.JdbcTransaction  - Resetting autocommit to true on JDBC Connection [com.mysql.jdbc.JDBC4Connection@71623278]
2019-08-09 18:15:45,695 775    [           main] DEBUG ansaction.jdbc.JdbcTransaction  - Closing JDBC Connection [com.mysql.jdbc.JDBC4Connection@71623278]
2019-08-09 18:15:45,695 775    [           main] DEBUG source.pooled.PooledDataSource  - Returned connection 1902260856 to pool.
2019-08-09 18:18:00,663 0      [           main] DEBUG ache.ibatis.logging.LogFactory  - Logging initialized using 'class org.apache.ibatis.logging.log4j.Log4jImpl' adapter.
2019-08-09 18:18:00,711 48     [           main] DEBUG source.pooled.PooledDataSource  - PooledDataSource forcefully closed/removed all connections.
2019-08-09 18:18:00,711 48     [           main] DEBUG source.pooled.PooledDataSource  - PooledDataSource forcefully closed/removed all connections.
2019-08-09 18:18:00,711 48     [           main] DEBUG source.pooled.PooledDataSource  - PooledDataSource forcefully closed/removed all connections.
2019-08-09 18:18:00,711 48     [           main] DEBUG source.pooled.PooledDataSource  - PooledDataSource forcefully closed/removed all connections.
2019-08-09 18:18:00,857 194    [           main] DEBUG ansaction.jdbc.JdbcTransaction  - Opening JDBC Connection
2019-08-09 18:18:01,258 595    [           main] DEBUG source.pooled.PooledDataSource  - Created connection 1902260856.
2019-08-09 18:18:01,258 595    [           main] DEBUG ansaction.jdbc.JdbcTransaction  - Setting autocommit to false on JDBC Connection [com.mysql.jdbc.JDBC4Connection@71623278]
2019-08-09 18:18:01,266 603    [           main] DEBUG .itheima.dao.IUserDao.saveUser  - ==>  Preparing: insert into user values(null,?,?,?,?); 
2019-08-09 18:18:01,351 688    [           main] DEBUG .itheima.dao.IUserDao.saveUser  - ==> Parameters: mybatis saveuser(String), 2019-08-09 18:18:00.839(Timestamp), 男(String), 北京市顺义区(String)
2019-08-09 18:18:01,353 690    [           main] DEBUG .itheima.dao.IUserDao.saveUser  - <==    Updates: 1
2019-08-09 18:18:01,353 690    [           main] DEBUG ansaction.jdbc.JdbcTransaction  - Committing JDBC Connection [com.mysql.jdbc.JDBC4Connection@71623278]
2019-08-09 18:18:01,355 692    [           main] DEBUG ansaction.jdbc.JdbcTransaction  - Resetting autocommit to true on JDBC Connection [com.mysql.jdbc.JDBC4Connection@71623278]
2019-08-09 18:18:01,356 693    [           main] DEBUG ansaction.jdbc.JdbcTransaction  - Closing JDBC Connection [com.mysql.jdbc.JDBC4Connection@71623278]
2019-08-09 18:18:01,357 694    [           main] DEBUG source.pooled.PooledDataSource  - Returned connection 1902260856 to pool.
2019-08-09 18:20:29,640 0      [           main] DEBUG ache.ibatis.logging.LogFactory  - Logging initialized using 'class org.apache.ibatis.logging.log4j.Log4jImpl' adapter.
2019-08-09 18:20:29,692 52     [           main] DEBUG source.pooled.PooledDataSource  - PooledDataSource forcefully closed/removed all connections.
2019-08-09 18:20:29,692 52     [           main] DEBUG source.pooled.PooledDataSource  - PooledDataSource forcefully closed/removed all connections.
2019-08-09 18:20:29,693 53     [           main] DEBUG source.pooled.PooledDataSource  - PooledDataSource forcefully closed/removed all connections.
2019-08-09 18:20:29,693 53     [           main] DEBUG source.pooled.PooledDataSource  - PooledDataSource forcefully closed/removed all connections.
2019-08-09 18:20:29,836 196    [           main] DEBUG ansaction.jdbc.JdbcTransaction  - Opening JDBC Connection
2019-08-09 18:20:30,223 583    [           main] DEBUG source.pooled.PooledDataSource  - Created connection 1902260856.
2019-08-09 18:20:30,223 583    [           main] DEBUG ansaction.jdbc.JdbcTransaction  - Setting autocommit to false on JDBC Connection [com.mysql.jdbc.JDBC4Connection@71623278]
2019-08-09 18:20:30,229 589    [           main] DEBUG .itheima.dao.IUserDao.saveUser  - ==>  Preparing: insert into user values(null,?,?,?,?); 
2019-08-09 18:20:30,305 665    [           main] DEBUG .itheima.dao.IUserDao.saveUser  - ==> Parameters: mybatis saveuser(String), 2019-08-09 18:20:29.817(Timestamp), 男(String), 北京市顺义区(String)
2019-08-09 18:20:30,306 666    [           main] DEBUG .itheima.dao.IUserDao.saveUser  - <==    Updates: 1
2019-08-09 18:20:30,307 667    [           main] DEBUG ansaction.jdbc.JdbcTransaction  - Committing JDBC Connection [com.mysql.jdbc.JDBC4Connection@71623278]
2019-08-09 18:20:30,310 670    [           main] DEBUG ansaction.jdbc.JdbcTransaction  - Resetting autocommit to true on JDBC Connection [com.mysql.jdbc.JDBC4Connection@71623278]
2019-08-09 18:20:30,311 671    [           main] DEBUG ansaction.jdbc.JdbcTransaction  - Closing JDBC Connection [com.mysql.jdbc.JDBC4Connection@71623278]
2019-08-09 18:20:30,311 671    [           main] DEBUG source.pooled.PooledDataSource  - Returned connection 1902260856 to pool.
2019-08-09 18:21:17,246 0      [           main] DEBUG ache.ibatis.logging.LogFactory  - Logging initialized using 'class org.apache.ibatis.logging.log4j.Log4jImpl' adapter.
2019-08-09 18:21:17,299 53     [           main] DEBUG source.pooled.PooledDataSource  - PooledDataSource forcefully closed/removed all connections.
2019-08-09 18:21:17,299 53     [           main] DEBUG source.pooled.PooledDataSource  - PooledDataSource forcefully closed/removed all connections.
2019-08-09 18:21:17,300 54     [           main] DEBUG source.pooled.PooledDataSource  - PooledDataSource forcefully closed/removed all connections.
2019-08-09 18:21:17,300 54     [           main] DEBUG source.pooled.PooledDataSource  - PooledDataSource forcefully closed/removed all connections.
2019-08-09 18:21:17,447 201    [           main] DEBUG ansaction.jdbc.JdbcTransaction  - Opening JDBC Connection
2019-08-09 18:21:17,832 586    [           main] DEBUG source.pooled.PooledDataSource  - Created connection 1412925683.
2019-08-09 18:21:17,832 586    [           main] DEBUG ansaction.jdbc.JdbcTransaction  - Setting autocommit to false on JDBC Connection [com.mysql.jdbc.JDBC4Connection@543788f3]
2019-08-09 18:21:17,844 598    [           main] DEBUG m.itheima.dao.IUserDao.findAll  - ==>  Preparing: select * from user; 
2019-08-09 18:21:17,893 647    [           main] DEBUG m.itheima.dao.IUserDao.findAll  - ==> Parameters: 
2019-08-09 18:21:17,942 696    [           main] DEBUG m.itheima.dao.IUserDao.findAll  - <==      Total: 8
2019-08-09 18:21:17,944 698    [           main] DEBUG ansaction.jdbc.JdbcTransaction  - Resetting autocommit to true on JDBC Connection [com.mysql.jdbc.JDBC4Connection@543788f3]
2019-08-09 18:21:17,963 717    [           main] DEBUG ansaction.jdbc.JdbcTransaction  - Closing JDBC Connection [com.mysql.jdbc.JDBC4Connection@543788f3]
2019-08-09 18:21:17,964 718    [           main] DEBUG source.pooled.PooledDataSource  - Returned connection 1412925683 to pool.
2019-08-09 18:30:26,065 0      [           main] DEBUG ache.ibatis.logging.LogFactory  - Logging initialized using 'class org.apache.ibatis.logging.log4j.Log4jImpl' adapter.
2019-08-09 18:30:26,113 48     [           main] DEBUG source.pooled.PooledDataSource  - PooledDataSource forcefully closed/removed all connections.
2019-08-09 18:30:26,113 48     [           main] DEBUG source.pooled.PooledDataSource  - PooledDataSource forcefully closed/removed all connections.
2019-08-09 18:30:26,113 48     [           main] DEBUG source.pooled.PooledDataSource  - PooledDataSource forcefully closed/removed all connections.
2019-08-09 18:30:26,114 49     [           main] DEBUG source.pooled.PooledDataSource  - PooledDataSource forcefully closed/removed all connections.
2019-08-09 18:30:26,259 194    [           main] DEBUG ansaction.jdbc.JdbcTransaction  - Opening JDBC Connection
2019-08-09 18:30:26,648 583    [           main] DEBUG source.pooled.PooledDataSource  - Created connection 1902260856.
2019-08-09 18:30:26,648 583    [           main] DEBUG ansaction.jdbc.JdbcTransaction  - Setting autocommit to false on JDBC Connection [com.mysql.jdbc.JDBC4Connection@71623278]
2019-08-09 18:30:26,655 590    [           main] DEBUG .itheima.dao.IUserDao.saveUser  - ==>  Preparing: insert into user values(null,?,?,?,?); 
2019-08-09 18:30:26,713 648    [           main] DEBUG .itheima.dao.IUserDao.saveUser  - ==> Parameters: mybatis updateuser(String), 2019-08-09 18:30:26.235(Timestamp), 女(String), 北京市顺义区(String)
2019-08-09 18:30:26,715 650    [           main] DEBUG .itheima.dao.IUserDao.saveUser  - <==    Updates: 1
2019-08-09 18:30:26,715 650    [           main] DEBUG ansaction.jdbc.JdbcTransaction  - Committing JDBC Connection [com.mysql.jdbc.JDBC4Connection@71623278]
2019-08-09 18:30:26,718 653    [           main] DEBUG ansaction.jdbc.JdbcTransaction  - Resetting autocommit to true on JDBC Connection [com.mysql.jdbc.JDBC4Connection@71623278]
2019-08-09 18:30:26,718 653    [           main] DEBUG ansaction.jdbc.JdbcTransaction  - Closing JDBC Connection [com.mysql.jdbc.JDBC4Connection@71623278]
2019-08-09 18:30:26,719 654    [           main] DEBUG source.pooled.PooledDataSource  - Returned connection 1902260856 to pool.
2019-08-09 18:31:15,194 0      [           main] DEBUG ache.ibatis.logging.LogFactory  - Logging initialized using 'class org.apache.ibatis.logging.log4j.Log4jImpl' adapter.
2019-08-09 18:31:15,250 56     [           main] DEBUG source.pooled.PooledDataSource  - PooledDataSource forcefully closed/removed all connections.
2019-08-09 18:31:15,250 56     [           main] DEBUG source.pooled.PooledDataSource  - PooledDataSource forcefully closed/removed all connections.
2019-08-09 18:31:15,250 56     [           main] DEBUG source.pooled.PooledDataSource  - PooledDataSource forcefully closed/removed all connections.
2019-08-09 18:31:15,250 56     [           main] DEBUG source.pooled.PooledDataSource  - PooledDataSource forcefully closed/removed all connections.
2019-08-09 18:33:23,456 0      [           main] DEBUG ache.ibatis.logging.LogFactory  - Logging initialized using 'class org.apache.ibatis.logging.log4j.Log4jImpl' adapter.
2019-08-09 18:33:23,510 54     [           main] DEBUG source.pooled.PooledDataSource  - PooledDataSource forcefully closed/removed all connections.
2019-08-09 18:33:23,511 55     [           main] DEBUG source.pooled.PooledDataSource  - PooledDataSource forcefully closed/removed all connections.
2019-08-09 18:33:23,511 55     [           main] DEBUG source.pooled.PooledDataSource  - PooledDataSource forcefully closed/removed all connections.
2019-08-09 18:33:23,511 55     [           main] DEBUG source.pooled.PooledDataSource  - PooledDataSource forcefully closed/removed all connections.
2019-08-09 18:33:37,673 0      [           main] DEBUG ache.ibatis.logging.LogFactory  - Logging initialized using 'class org.apache.ibatis.logging.log4j.Log4jImpl' adapter.
2019-08-09 18:33:37,725 52     [           main] DEBUG source.pooled.PooledDataSource  - PooledDataSource forcefully closed/removed all connections.
2019-08-09 18:33:37,726 53     [           main] DEBUG source.pooled.PooledDataSource  - PooledDataSource forcefully closed/removed all connections.
2019-08-09 18:33:37,726 53     [           main] DEBUG source.pooled.PooledDataSource  - PooledDataSource forcefully closed/removed all connections.
2019-08-09 18:33:37,726 53     [           main] DEBUG source.pooled.PooledDataSource  - PooledDataSource forcefully closed/removed all connections.
2019-08-09 18:33:37,872 199    [           main] DEBUG ansaction.jdbc.JdbcTransaction  - Opening JDBC Connection
2019-08-09 18:33:38,286 613    [           main] DEBUG source.pooled.PooledDataSource  - Created connection 1902260856.
2019-08-09 18:33:38,286 613    [           main] DEBUG ansaction.jdbc.JdbcTransaction  - Setting autocommit to false on JDBC Connection [com.mysql.jdbc.JDBC4Connection@71623278]
2019-08-09 18:33:38,294 621    [           main] DEBUG theima.dao.IUserDao.updateUser  - ==>  Preparing: update user set username=?,birthday=?,sex=?,address=? where id=?; 
2019-08-09 18:33:38,349 676    [           main] DEBUG theima.dao.IUserDao.updateUser  - ==> Parameters: mybatis updateuser(String), 2019-08-09 18:33:37.844(Timestamp), 女(String), 北京市顺义区(String), 54(Integer)
2019-08-09 18:33:38,359 686    [           main] DEBUG theima.dao.IUserDao.updateUser  - <==    Updates: 1
2019-08-09 18:33:38,360 687    [           main] DEBUG ansaction.jdbc.JdbcTransaction  - Committing JDBC Connection [com.mysql.jdbc.JDBC4Connection@71623278]
2019-08-09 18:33:38,365 692    [           main] DEBUG ansaction.jdbc.JdbcTransaction  - Resetting autocommit to true on JDBC Connection [com.mysql.jdbc.JDBC4Connection@71623278]
2019-08-09 18:33:38,365 692    [           main] DEBUG ansaction.jdbc.JdbcTransaction  - Closing JDBC Connection [com.mysql.jdbc.JDBC4Connection@71623278]
2019-08-09 18:33:38,366 693    [           main] DEBUG source.pooled.PooledDataSource  - Returned connection 1902260856 to pool.
2019-08-09 18:45:43,695 1      [           main] DEBUG ache.ibatis.logging.LogFactory  - Logging initialized using 'class org.apache.ibatis.logging.log4j.Log4jImpl' adapter.
2019-08-09 18:45:43,749 55     [           main] DEBUG source.pooled.PooledDataSource  - PooledDataSource forcefully closed/removed all connections.
2019-08-09 18:45:43,749 55     [           main] DEBUG source.pooled.PooledDataSource  - PooledDataSource forcefully closed/removed all connections.
2019-08-09 18:45:43,750 56     [           main] DEBUG source.pooled.PooledDataSource  - PooledDataSource forcefully closed/removed all connections.
2019-08-09 18:45:43,750 56     [           main] DEBUG source.pooled.PooledDataSource  - PooledDataSource forcefully closed/removed all connections.
2019-08-09 18:45:43,903 209    [           main] DEBUG ansaction.jdbc.JdbcTransaction  - Opening JDBC Connection
2019-08-09 18:45:44,321 627    [           main] DEBUG source.pooled.PooledDataSource  - Created connection 1902260856.
2019-08-09 18:45:44,322 628    [           main] DEBUG ansaction.jdbc.JdbcTransaction  - Setting autocommit to false on JDBC Connection [com.mysql.jdbc.JDBC4Connection@71623278]
2019-08-09 18:45:44,328 634    [           main] DEBUG theima.dao.IUserDao.deleteUser  - ==>  Preparing: delete from user where id = ?; 
2019-08-09 18:45:44,403 709    [           main] DEBUG theima.dao.IUserDao.deleteUser  - ==> Parameters: 53(Integer)
2019-08-09 18:45:44,405 711    [           main] DEBUG theima.dao.IUserDao.deleteUser  - <==    Updates: 1
2019-08-09 18:45:44,406 712    [           main] DEBUG ansaction.jdbc.JdbcTransaction  - Committing JDBC Connection [com.mysql.jdbc.JDBC4Connection@71623278]
2019-08-09 18:45:44,420 726    [           main] DEBUG ansaction.jdbc.JdbcTransaction  - Resetting autocommit to true on JDBC Connection [com.mysql.jdbc.JDBC4Connection@71623278]
2019-08-09 18:45:44,420 726    [           main] DEBUG ansaction.jdbc.JdbcTransaction  - Closing JDBC Connection [com.mysql.jdbc.JDBC4Connection@71623278]
2019-08-09 18:45:44,420 726    [           main] DEBUG source.pooled.PooledDataSource  - Returned connection 1902260856 to pool.
2019-08-09 18:54:42,819 0      [           main] DEBUG ache.ibatis.logging.LogFactory  - Logging initialized using 'class org.apache.ibatis.logging.log4j.Log4jImpl' adapter.
2019-08-09 18:54:42,874 55     [           main] DEBUG source.pooled.PooledDataSource  - PooledDataSource forcefully closed/removed all connections.
2019-08-09 18:54:42,875 56     [           main] DEBUG source.pooled.PooledDataSource  - PooledDataSource forcefully closed/removed all connections.
2019-08-09 18:54:42,875 56     [           main] DEBUG source.pooled.PooledDataSource  - PooledDataSource forcefully closed/removed all connections.
2019-08-09 18:54:42,875 56     [           main] DEBUG source.pooled.PooledDataSource  - PooledDataSource forcefully closed/removed all connections.
2019-08-09 18:54:43,054 235    [           main] DEBUG ansaction.jdbc.JdbcTransaction  - Opening JDBC Connection
2019-08-09 18:54:43,454 635    [           main] DEBUG source.pooled.PooledDataSource  - Created connection 2074185499.
2019-08-09 18:54:43,454 635    [           main] DEBUG ansaction.jdbc.JdbcTransaction  - Setting autocommit to false on JDBC Connection [com.mysql.jdbc.JDBC4Connection@7ba18f1b]
2019-08-09 18:54:43,460 641    [           main] DEBUG .itheima.dao.IUserDao.findById  - ==>  Preparing: select * from user where id = ?; 
2019-08-09 18:54:43,530 711    [           main] DEBUG .itheima.dao.IUserDao.findById  - ==> Parameters: 54(Integer)
2019-08-09 18:54:43,567 748    [           main] DEBUG .itheima.dao.IUserDao.findById  - <==      Total: 1
2019-08-09 18:54:43,570 751    [           main] DEBUG ansaction.jdbc.JdbcTransaction  - Resetting autocommit to true on JDBC Connection [com.mysql.jdbc.JDBC4Connection@7ba18f1b]
2019-08-09 18:54:43,571 752    [           main] DEBUG ansaction.jdbc.JdbcTransaction  - Closing JDBC Connection [com.mysql.jdbc.JDBC4Connection@7ba18f1b]
2019-08-09 18:54:43,571 752    [           main] DEBUG source.pooled.PooledDataSource  - Returned connection 2074185499 to pool.
2019-08-09 18:55:14,654 0      [           main] DEBUG ache.ibatis.logging.LogFactory  - Logging initialized using 'class org.apache.ibatis.logging.log4j.Log4jImpl' adapter.
2019-08-09 18:55:14,703 49     [           main] DEBUG source.pooled.PooledDataSource  - PooledDataSource forcefully closed/removed all connections.
2019-08-09 18:55:14,704 50     [           main] DEBUG source.pooled.PooledDataSource  - PooledDataSource forcefully closed/removed all connections.
2019-08-09 18:55:14,704 50     [           main] DEBUG source.pooled.PooledDataSource  - PooledDataSource forcefully closed/removed all connections.
2019-08-09 18:55:14,704 50     [           main] DEBUG source.pooled.PooledDataSource  - PooledDataSource forcefully closed/removed all connections.
2019-08-09 18:55:14,867 213    [           main] DEBUG ansaction.jdbc.JdbcTransaction  - Opening JDBC Connection
2019-08-09 18:55:15,282 628    [           main] DEBUG source.pooled.PooledDataSource  - Created connection 2074185499.
2019-08-09 18:55:15,283 629    [           main] DEBUG ansaction.jdbc.JdbcTransaction  - Setting autocommit to false on JDBC Connection [com.mysql.jdbc.JDBC4Connection@7ba18f1b]
2019-08-09 18:55:15,291 637    [           main] DEBUG .itheima.dao.IUserDao.findById  - ==>  Preparing: select * from user where id = ?; 
2019-08-09 18:55:15,349 695    [           main] DEBUG .itheima.dao.IUserDao.findById  - ==> Parameters: 55(Integer)
2019-08-09 18:55:15,382 728    [           main] DEBUG .itheima.dao.IUserDao.findById  - <==      Total: 0
2019-08-09 18:55:15,383 729    [           main] DEBUG ansaction.jdbc.JdbcTransaction  - Resetting autocommit to true on JDBC Connection [com.mysql.jdbc.JDBC4Connection@7ba18f1b]
2019-08-09 18:55:15,394 740    [           main] DEBUG ansaction.jdbc.JdbcTransaction  - Closing JDBC Connection [com.mysql.jdbc.JDBC4Connection@7ba18f1b]
2019-08-09 18:55:15,394 740    [           main] DEBUG source.pooled.PooledDataSource  - Returned connection 2074185499 to pool.
2019-08-09 19:05:00,062 0      [           main] DEBUG ache.ibatis.logging.LogFactory  - Logging initialized using 'class org.apache.ibatis.logging.log4j.Log4jImpl' adapter.
2019-08-09 19:05:00,130 68     [           main] DEBUG source.pooled.PooledDataSource  - PooledDataSource forcefully closed/removed all connections.
2019-08-09 19:05:00,130 68     [           main] DEBUG source.pooled.PooledDataSource  - PooledDataSource forcefully closed/removed all connections.
2019-08-09 19:05:00,130 68     [           main] DEBUG source.pooled.PooledDataSource  - PooledDataSource forcefully closed/removed all connections.
2019-08-09 19:05:00,130 68     [           main] DEBUG source.pooled.PooledDataSource  - PooledDataSource forcefully closed/removed all connections.
2019-08-09 19:05:00,303 241    [           main] DEBUG ansaction.jdbc.JdbcTransaction  - Opening JDBC Connection
2019-08-09 19:05:00,689 627    [           main] DEBUG source.pooled.PooledDataSource  - Created connection 2074185499.
2019-08-09 19:05:00,689 627    [           main] DEBUG ansaction.jdbc.JdbcTransaction  - Setting autocommit to false on JDBC Connection [com.mysql.jdbc.JDBC4Connection@7ba18f1b]
2019-08-09 19:05:00,696 634    [           main] DEBUG theima.dao.IUserDao.findByName  - ==>  Preparing: Select * from user where username like ? 
2019-08-09 19:05:00,743 681    [           main] DEBUG theima.dao.IUserDao.findByName  - ==> Parameters: %王%(String)
2019-08-09 19:05:00,819 757    [           main] DEBUG theima.dao.IUserDao.findByName  - <==      Total: 4
2019-08-09 19:05:00,820 758    [           main] DEBUG ansaction.jdbc.JdbcTransaction  - Resetting autocommit to true on JDBC Connection [com.mysql.jdbc.JDBC4Connection@7ba18f1b]
2019-08-09 19:05:00,821 759    [           main] DEBUG ansaction.jdbc.JdbcTransaction  - Closing JDBC Connection [com.mysql.jdbc.JDBC4Connection@7ba18f1b]
2019-08-09 19:05:00,821 759    [           main] DEBUG source.pooled.PooledDataSource  - Returned connection 2074185499 to pool.
2019-08-09 23:10:24,985 0      [           main] DEBUG ache.ibatis.logging.LogFactory  - Logging initialized using 'class org.apache.ibatis.logging.log4j.Log4jImpl' adapter.
2019-08-09 23:10:25,043 58     [           main] DEBUG source.pooled.PooledDataSource  - PooledDataSource forcefully closed/removed all connections.
2019-08-09 23:10:25,043 58     [           main] DEBUG source.pooled.PooledDataSource  - PooledDataSource forcefully closed/removed all connections.
2019-08-09 23:10:25,043 58     [           main] DEBUG source.pooled.PooledDataSource  - PooledDataSource forcefully closed/removed all connections.
2019-08-09 23:10:25,043 58     [           main] DEBUG source.pooled.PooledDataSource  - PooledDataSource forcefully closed/removed all connections.
2019-08-09 23:10:25,212 227    [           main] DEBUG ansaction.jdbc.JdbcTransaction  - Opening JDBC Connection
2019-08-09 23:10:25,657 672    [           main] DEBUG source.pooled.PooledDataSource  - Created connection 1412925683.
2019-08-09 23:10:25,657 672    [           main] DEBUG ansaction.jdbc.JdbcTransaction  - Setting autocommit to false on JDBC Connection [com.mysql.jdbc.JDBC4Connection@543788f3]
2019-08-09 23:10:25,668 683    [           main] DEBUG itheima.dao.IUserDao.findTotal  - ==>  Preparing: select count(id) from user 
2019-08-09 23:10:25,719 734    [           main] DEBUG itheima.dao.IUserDao.findTotal  - ==> Parameters: 
2019-08-09 23:10:25,779 794    [           main] DEBUG itheima.dao.IUserDao.findTotal  - <==      Total: 1
2019-08-09 23:10:25,780 795    [           main] DEBUG ansaction.jdbc.JdbcTransaction  - Resetting autocommit to true on JDBC Connection [com.mysql.jdbc.JDBC4Connection@543788f3]
2019-08-09 23:10:25,781 796    [           main] DEBUG ansaction.jdbc.JdbcTransaction  - Closing JDBC Connection [com.mysql.jdbc.JDBC4Connection@543788f3]
2019-08-09 23:10:25,781 796    [           main] DEBUG source.pooled.PooledDataSource  - Returned connection 1412925683 to pool.
2019-08-09 23:16:56,572 0      [           main] DEBUG ache.ibatis.logging.LogFactory  - Logging initialized using 'class org.apache.ibatis.logging.log4j.Log4jImpl' adapter.
2019-08-09 23:16:56,628 56     [           main] DEBUG source.pooled.PooledDataSource  - PooledDataSource forcefully closed/removed all connections.
2019-08-09 23:16:56,628 56     [           main] DEBUG source.pooled.PooledDataSource  - PooledDataSource forcefully closed/removed all connections.
2019-08-09 23:16:56,628 56     [           main] DEBUG source.pooled.PooledDataSource  - PooledDataSource forcefully closed/removed all connections.
2019-08-09 23:16:56,628 56     [           main] DEBUG source.pooled.PooledDataSource  - PooledDataSource forcefully closed/removed all connections.
2019-08-09 23:16:56,836 264    [           main] DEBUG ansaction.jdbc.JdbcTransaction  - Opening JDBC Connection
2019-08-09 23:16:57,239 667    [           main] DEBUG source.pooled.PooledDataSource  - Created connection 2007331442.
2019-08-09 23:16:57,239 667    [           main] DEBUG ansaction.jdbc.JdbcTransaction  - Setting autocommit to false on JDBC Connection [com.mysql.jdbc.JDBC4Connection@77a57272]
2019-08-09 23:16:57,247 675    [           main] DEBUG theima.dao.IUserDao.findByName  - ==>  Preparing: /*Select * from user where username like ?;*/ select * from user where username like '%王%'; 
2019-08-09 23:16:57,339 767    [           main] DEBUG ansaction.jdbc.JdbcTransaction  - Resetting autocommit to true on JDBC Connection [com.mysql.jdbc.JDBC4Connection@77a57272]
2019-08-09 23:16:57,339 767    [           main] DEBUG ansaction.jdbc.JdbcTransaction  - Closing JDBC Connection [com.mysql.jdbc.JDBC4Connection@77a57272]
2019-08-09 23:16:57,340 768    [           main] DEBUG source.pooled.PooledDataSource  - Returned connection 2007331442 to pool.
2019-08-09 23:21:43,331 0      [           main] DEBUG ache.ibatis.logging.LogFactory  - Logging initialized using 'class org.apache.ibatis.logging.log4j.Log4jImpl' adapter.
2019-08-09 23:21:43,376 45     [           main] DEBUG source.pooled.PooledDataSource  - PooledDataSource forcefully closed/removed all connections.
2019-08-09 23:21:43,377 46     [           main] DEBUG source.pooled.PooledDataSource  - PooledDataSource forcefully closed/removed all connections.
2019-08-09 23:21:43,377 46     [           main] DEBUG source.pooled.PooledDataSource  - PooledDataSource forcefully closed/removed all connections.
2019-08-09 23:21:43,377 46     [           main] DEBUG source.pooled.PooledDataSource  - PooledDataSource forcefully closed/removed all connections.
2019-08-09 23:21:43,577 246    [           main] DEBUG ansaction.jdbc.JdbcTransaction  - Opening JDBC Connection
2019-08-09 23:21:43,960 629    [           main] DEBUG source.pooled.PooledDataSource  - Created connection 2007331442.
2019-08-09 23:21:43,960 629    [           main] DEBUG ansaction.jdbc.JdbcTransaction  - Setting autocommit to false on JDBC Connection [com.mysql.jdbc.JDBC4Connection@77a57272]
2019-08-09 23:21:43,967 636    [           main] DEBUG theima.dao.IUserDao.findByName  - ==>  Preparing: select * from user where username like '%王%'; 
2019-08-09 23:21:44,052 721    [           main] DEBUG theima.dao.IUserDao.findByName  - ==> Parameters: 
2019-08-09 23:21:44,094 763    [           main] DEBUG theima.dao.IUserDao.findByName  - <==      Total: 4
2019-08-09 23:21:44,096 765    [           main] DEBUG ansaction.jdbc.JdbcTransaction  - Resetting autocommit to true on JDBC Connection [com.mysql.jdbc.JDBC4Connection@77a57272]
2019-08-09 23:21:44,096 765    [           main] DEBUG ansaction.jdbc.JdbcTransaction  - Closing JDBC Connection [com.mysql.jdbc.JDBC4Connection@77a57272]
2019-08-09 23:21:44,097 766    [           main] DEBUG source.pooled.PooledDataSource  - Returned connection 2007331442 to pool.
2019-08-09 23:25:48,072 0      [           main] DEBUG ache.ibatis.logging.LogFactory  - Logging initialized using 'class org.apache.ibatis.logging.log4j.Log4jImpl' adapter.
2019-08-09 23:25:48,121 49     [           main] DEBUG source.pooled.PooledDataSource  - PooledDataSource forcefully closed/removed all connections.
2019-08-09 23:25:48,121 49     [           main] DEBUG source.pooled.PooledDataSource  - PooledDataSource forcefully closed/removed all connections.
2019-08-09 23:25:48,121 49     [           main] DEBUG source.pooled.PooledDataSource  - PooledDataSource forcefully closed/removed all connections.
2019-08-09 23:25:48,121 49     [           main] DEBUG source.pooled.PooledDataSource  - PooledDataSource forcefully closed/removed all connections.
2019-08-09 23:25:48,295 223    [           main] DEBUG ansaction.jdbc.JdbcTransaction  - Opening JDBC Connection
2019-08-09 23:25:48,661 589    [           main] DEBUG source.pooled.PooledDataSource  - Created connection 2074185499.
2019-08-09 23:25:48,661 589    [           main] DEBUG ansaction.jdbc.JdbcTransaction  - Setting autocommit to false on JDBC Connection [com.mysql.jdbc.JDBC4Connection@7ba18f1b]
2019-08-09 23:25:48,668 596    [           main] DEBUG theima.dao.IUserDao.findByName  - ==>  Preparing: Select * from user where username like ?; 
2019-08-09 23:25:48,719 647    [           main] DEBUG theima.dao.IUserDao.findByName  - ==> Parameters: %王%(String)
2019-08-09 23:25:48,764 692    [           main] DEBUG theima.dao.IUserDao.findByName  - <==      Total: 4
2019-08-09 23:25:48,765 693    [           main] DEBUG ansaction.jdbc.JdbcTransaction  - Resetting autocommit to true on JDBC Connection [com.mysql.jdbc.JDBC4Connection@7ba18f1b]
2019-08-09 23:25:48,766 694    [           main] DEBUG ansaction.jdbc.JdbcTransaction  - Closing JDBC Connection [com.mysql.jdbc.JDBC4Connection@7ba18f1b]
2019-08-09 23:25:48,766 694    [           main] DEBUG source.pooled.PooledDataSource  - Returned connection 2074185499 to pool.
2019-08-10 11:26:11,990 0      [           main] DEBUG ache.ibatis.logging.LogFactory  - Logging initialized using 'class org.apache.ibatis.logging.log4j.Log4jImpl' adapter.
2019-08-10 11:26:12,058 68     [           main] DEBUG source.pooled.PooledDataSource  - PooledDataSource forcefully closed/removed all connections.
2019-08-10 11:26:12,058 68     [           main] DEBUG source.pooled.PooledDataSource  - PooledDataSource forcefully closed/removed all connections.
2019-08-10 11:26:12,059 69     [           main] DEBUG source.pooled.PooledDataSource  - PooledDataSource forcefully closed/removed all connections.
2019-08-10 11:26:12,059 69     [           main] DEBUG source.pooled.PooledDataSource  - PooledDataSource forcefully closed/removed all connections.
2019-08-10 11:26:12,358 368    [           main] DEBUG ansaction.jdbc.JdbcTransaction  - Opening JDBC Connection
2019-08-10 11:26:13,293 1303   [           main] DEBUG source.pooled.PooledDataSource  - Created connection 1514160588.
2019-08-10 11:26:13,293 1303   [           main] DEBUG ansaction.jdbc.JdbcTransaction  - Setting autocommit to false on JDBC Connection [com.mysql.jdbc.JDBC4Connection@5a4041cc]
2019-08-10 11:26:13,306 1316   [           main] DEBUG .itheima.dao.IUserDao.saveUser  - ==>  Preparing: insert into user values(null,?,?,?,?); 
2019-08-10 11:26:13,470 1480   [           main] DEBUG .itheima.dao.IUserDao.saveUser  - ==> Parameters: mybatis saveuser(String), 2019-08-10 11:26:12.331(Timestamp), 男(String), 北京市顺义区(String)
2019-08-10 11:26:13,472 1482   [           main] DEBUG .itheima.dao.IUserDao.saveUser  - <==    Updates: 1
2019-08-10 11:26:13,475 1485   [           main] DEBUG ao.IUserDao.saveUser!selectKey  - ==>  Preparing: select last_insert_id(); 
2019-08-10 11:26:13,476 1486   [           main] DEBUG ao.IUserDao.saveUser!selectKey  - ==> Parameters: 
2019-08-10 11:26:13,543 1553   [           main] DEBUG ao.IUserDao.saveUser!selectKey  - <==      Total: 1
2019-08-10 11:26:13,546 1556   [           main] DEBUG ansaction.jdbc.JdbcTransaction  - Committing JDBC Connection [com.mysql.jdbc.JDBC4Connection@5a4041cc]
2019-08-10 11:26:13,564 1574   [           main] DEBUG ansaction.jdbc.JdbcTransaction  - Resetting autocommit to true on JDBC Connection [com.mysql.jdbc.JDBC4Connection@5a4041cc]
2019-08-10 11:26:13,565 1575   [           main] DEBUG ansaction.jdbc.JdbcTransaction  - Closing JDBC Connection [com.mysql.jdbc.JDBC4Connection@5a4041cc]
2019-08-10 11:26:13,565 1575   [           main] DEBUG source.pooled.PooledDataSource  - Returned connection 1514160588 to pool.
2019-08-10 11:29:01,553 0      [           main] DEBUG ache.ibatis.logging.LogFactory  - Logging initialized using 'class org.apache.ibatis.logging.log4j.Log4jImpl' adapter.
2019-08-10 11:29:01,613 60     [           main] DEBUG source.pooled.PooledDataSource  - PooledDataSource forcefully closed/removed all connections.
2019-08-10 11:29:01,613 60     [           main] DEBUG source.pooled.PooledDataSource  - PooledDataSource forcefully closed/removed all connections.
2019-08-10 11:29:01,614 61     [           main] DEBUG source.pooled.PooledDataSource  - PooledDataSource forcefully closed/removed all connections.
2019-08-10 11:29:01,614 61     [           main] DEBUG source.pooled.PooledDataSource  - PooledDataSource forcefully closed/removed all connections.
2019-08-10 11:29:01,798 245    [           main] DEBUG ansaction.jdbc.JdbcTransaction  - Opening JDBC Connection
2019-08-10 11:29:02,194 641    [           main] DEBUG source.pooled.PooledDataSource  - Created connection 1514160588.
2019-08-10 11:29:02,194 641    [           main] DEBUG ansaction.jdbc.JdbcTransaction  - Setting autocommit to false on JDBC Connection [com.mysql.jdbc.JDBC4Connection@5a4041cc]
2019-08-10 11:29:02,202 649    [           main] DEBUG .itheima.dao.IUserDao.saveUser  - ==>  Preparing: insert into user values(null,?,?,?,?); 
2019-08-10 11:29:02,273 720    [           main] DEBUG .itheima.dao.IUserDao.saveUser  - ==> Parameters: mybatis saveuser(String), 2019-08-10 11:29:01.776(Timestamp), 男(String), 北京市顺义区(String)
2019-08-10 11:29:02,274 721    [           main] DEBUG .itheima.dao.IUserDao.saveUser  - <==    Updates: 1
2019-08-10 11:29:02,277 724    [           main] DEBUG ao.IUserDao.saveUser!selectKey  - ==>  Preparing: select last_insert_id(); 
2019-08-10 11:29:02,278 725    [           main] DEBUG ao.IUserDao.saveUser!selectKey  - ==> Parameters: 
2019-08-10 11:29:02,316 763    [           main] DEBUG ao.IUserDao.saveUser!selectKey  - <==      Total: 1
2019-08-10 11:29:02,317 764    [           main] DEBUG ansaction.jdbc.JdbcTransaction  - Committing JDBC Connection [com.mysql.jdbc.JDBC4Connection@5a4041cc]
2019-08-10 11:29:02,319 766    [           main] DEBUG ansaction.jdbc.JdbcTransaction  - Resetting autocommit to true on JDBC Connection [com.mysql.jdbc.JDBC4Connection@5a4041cc]
2019-08-10 11:29:02,319 766    [           main] DEBUG ansaction.jdbc.JdbcTransaction  - Closing JDBC Connection [com.mysql.jdbc.JDBC4Connection@5a4041cc]
2019-08-10 11:29:02,320 767    [           main] DEBUG source.pooled.PooledDataSource  - Returned connection 1514160588 to pool.
2019-08-10 11:30:29,378 0      [           main] DEBUG ache.ibatis.logging.LogFactory  - Logging initialized using 'class org.apache.ibatis.logging.log4j.Log4jImpl' adapter.
2019-08-10 11:30:29,451 73     [           main] DEBUG source.pooled.PooledDataSource  - PooledDataSource forcefully closed/removed all connections.
2019-08-10 11:30:29,451 73     [           main] DEBUG source.pooled.PooledDataSource  - PooledDataSource forcefully closed/removed all connections.
2019-08-10 11:30:29,452 74     [           main] DEBUG source.pooled.PooledDataSource  - PooledDataSource forcefully closed/removed all connections.
2019-08-10 11:30:29,452 74     [           main] DEBUG source.pooled.PooledDataSource  - PooledDataSource forcefully closed/removed all connections.
2019-08-10 11:30:29,627 249    [           main] DEBUG ansaction.jdbc.JdbcTransaction  - Opening JDBC Connection
2019-08-10 11:30:30,015 637    [           main] DEBUG source.pooled.PooledDataSource  - Created connection 1514160588.
2019-08-10 11:30:30,016 638    [           main] DEBUG ansaction.jdbc.JdbcTransaction  - Setting autocommit to false on JDBC Connection [com.mysql.jdbc.JDBC4Connection@5a4041cc]
2019-08-10 11:30:30,022 644    [           main] DEBUG .itheima.dao.IUserDao.saveUser  - ==>  Preparing: insert into user values(null,?,?,?,?); 
2019-08-10 11:30:30,089 711    [           main] DEBUG .itheima.dao.IUserDao.saveUser  - ==> Parameters: mybatis saveuser(String), 2019-08-10 11:30:29.608(Timestamp), 男(String), 北京市顺义区(String)
2019-08-10 11:30:30,089 711    [           main] DEBUG .itheima.dao.IUserDao.saveUser  - <==    Updates: 1
2019-08-10 11:30:30,092 714    [           main] DEBUG ao.IUserDao.saveUser!selectKey  - ==>  Preparing: select last_insert_id(); 
2019-08-10 11:30:30,093 715    [           main] DEBUG ao.IUserDao.saveUser!selectKey  - ==> Parameters: 
2019-08-10 11:30:30,127 749    [           main] DEBUG ao.IUserDao.saveUser!selectKey  - <==      Total: 1
2019-08-10 11:30:30,129 751    [           main] DEBUG ansaction.jdbc.JdbcTransaction  - Committing JDBC Connection [com.mysql.jdbc.JDBC4Connection@5a4041cc]
2019-08-10 11:30:30,136 758    [           main] DEBUG ansaction.jdbc.JdbcTransaction  - Resetting autocommit to true on JDBC Connection [com.mysql.jdbc.JDBC4Connection@5a4041cc]
2019-08-10 11:30:30,136 758    [           main] DEBUG ansaction.jdbc.JdbcTransaction  - Closing JDBC Connection [com.mysql.jdbc.JDBC4Connection@5a4041cc]
2019-08-10 11:30:30,137 759    [           main] DEBUG source.pooled.PooledDataSource  - Returned connection 1514160588 to pool.
2019-08-10 11:31:14,860 0      [           main] DEBUG ache.ibatis.logging.LogFactory  - Logging initialized using 'class org.apache.ibatis.logging.log4j.Log4jImpl' adapter.
2019-08-10 11:31:14,927 67     [           main] DEBUG source.pooled.PooledDataSource  - PooledDataSource forcefully closed/removed all connections.
2019-08-10 11:31:14,927 67     [           main] DEBUG source.pooled.PooledDataSource  - PooledDataSource forcefully closed/removed all connections.
2019-08-10 11:31:14,930 70     [           main] DEBUG source.pooled.PooledDataSource  - PooledDataSource forcefully closed/removed all connections.
2019-08-10 11:31:14,930 70     [           main] DEBUG source.pooled.PooledDataSource  - PooledDataSource forcefully closed/removed all connections.
2019-08-10 11:31:15,113 253    [           main] DEBUG ansaction.jdbc.JdbcTransaction  - Opening JDBC Connection
2019-08-10 11:31:15,506 646    [           main] DEBUG source.pooled.PooledDataSource  - Created connection 1514160588.
2019-08-10 11:31:15,506 646    [           main] DEBUG ansaction.jdbc.JdbcTransaction  - Setting autocommit to false on JDBC Connection [com.mysql.jdbc.JDBC4Connection@5a4041cc]
2019-08-10 11:31:15,513 653    [           main] DEBUG theima.dao.IUserDao.updateUser  - ==>  Preparing: update user set username=?,birthday=?,sex=?,address=? where id=?; 
2019-08-10 11:31:15,565 705    [           main] DEBUG theima.dao.IUserDao.updateUser  - ==> Parameters: mybatis updateuser(String), 2019-08-10 11:31:15.088(Timestamp), 女(String), 北京市顺义区(String), 54(Integer)
2019-08-10 11:31:15,566 706    [           main] DEBUG theima.dao.IUserDao.updateUser  - <==    Updates: 1
2019-08-10 11:31:15,567 707    [           main] DEBUG ansaction.jdbc.JdbcTransaction  - Committing JDBC Connection [com.mysql.jdbc.JDBC4Connection@5a4041cc]
2019-08-10 11:31:15,569 709    [           main] DEBUG ansaction.jdbc.JdbcTransaction  - Resetting autocommit to true on JDBC Connection [com.mysql.jdbc.JDBC4Connection@5a4041cc]
2019-08-10 11:31:15,569 709    [           main] DEBUG ansaction.jdbc.JdbcTransaction  - Closing JDBC Connection [com.mysql.jdbc.JDBC4Connection@5a4041cc]
2019-08-10 11:31:15,570 710    [           main] DEBUG source.pooled.PooledDataSource  - Returned connection 1514160588 to pool.
2019-08-10 11:31:39,287 0      [           main] DEBUG ache.ibatis.logging.LogFactory  - Logging initialized using 'class org.apache.ibatis.logging.log4j.Log4jImpl' adapter.
2019-08-10 11:31:39,337 50     [           main] DEBUG source.pooled.PooledDataSource  - PooledDataSource forcefully closed/removed all connections.
2019-08-10 11:31:39,337 50     [           main] DEBUG source.pooled.PooledDataSource  - PooledDataSource forcefully closed/removed all connections.
2019-08-10 11:31:39,337 50     [           main] DEBUG source.pooled.PooledDataSource  - PooledDataSource forcefully closed/removed all connections.
2019-08-10 11:31:39,337 50     [           main] DEBUG source.pooled.PooledDataSource  - PooledDataSource forcefully closed/removed all connections.
2019-08-10 11:31:39,488 201    [           main] DEBUG ansaction.jdbc.JdbcTransaction  - Opening JDBC Connection
2019-08-10 11:31:39,865 578    [           main] DEBUG source.pooled.PooledDataSource  - Created connection 1514160588.
2019-08-10 11:31:39,865 578    [           main] DEBUG ansaction.jdbc.JdbcTransaction  - Setting autocommit to false on JDBC Connection [com.mysql.jdbc.JDBC4Connection@5a4041cc]
2019-08-10 11:31:39,872 585    [           main] DEBUG .itheima.dao.IUserDao.saveUser  - ==>  Preparing: insert into user values(null,?,?,?,?); 
2019-08-10 11:31:39,951 664    [           main] DEBUG .itheima.dao.IUserDao.saveUser  - ==> Parameters: mybatis saveuser(String), 2019-08-10 11:31:39.468(Timestamp), 男(String), 北京市顺义区(String)
2019-08-10 11:31:39,952 665    [           main] DEBUG .itheima.dao.IUserDao.saveUser  - <==    Updates: 1
2019-08-10 11:31:39,956 669    [           main] DEBUG ao.IUserDao.saveUser!selectKey  - ==>  Preparing: select last_insert_id(); 
2019-08-10 11:31:39,956 669    [           main] DEBUG ao.IUserDao.saveUser!selectKey  - ==> Parameters: 
2019-08-10 11:31:39,990 703    [           main] DEBUG ao.IUserDao.saveUser!selectKey  - <==      Total: 1
2019-08-10 11:31:39,992 705    [           main] DEBUG ansaction.jdbc.JdbcTransaction  - Committing JDBC Connection [com.mysql.jdbc.JDBC4Connection@5a4041cc]
2019-08-10 11:31:39,996 709    [           main] DEBUG ansaction.jdbc.JdbcTransaction  - Resetting autocommit to true on JDBC Connection [com.mysql.jdbc.JDBC4Connection@5a4041cc]
2019-08-10 11:31:39,996 709    [           main] DEBUG ansaction.jdbc.JdbcTransaction  - Closing JDBC Connection [com.mysql.jdbc.JDBC4Connection@5a4041cc]
2019-08-10 11:31:39,997 710    [           main] DEBUG source.pooled.PooledDataSource  - Returned connection 1514160588 to pool.
2019-08-10 11:33:02,642 0      [           main] DEBUG ache.ibatis.logging.LogFactory  - Logging initialized using 'class org.apache.ibatis.logging.log4j.Log4jImpl' adapter.
2019-08-10 11:33:02,693 51     [           main] DEBUG source.pooled.PooledDataSource  - PooledDataSource forcefully closed/removed all connections.
2019-08-10 11:33:02,693 51     [           main] DEBUG source.pooled.PooledDataSource  - PooledDataSource forcefully closed/removed all connections.
2019-08-10 11:33:02,693 51     [           main] DEBUG source.pooled.PooledDataSource  - PooledDataSource forcefully closed/removed all connections.
2019-08-10 11:33:02,693 51     [           main] DEBUG source.pooled.PooledDataSource  - PooledDataSource forcefully closed/removed all connections.
2019-08-10 11:33:02,860 218    [           main] DEBUG ansaction.jdbc.JdbcTransaction  - Opening JDBC Connection
2019-08-10 11:33:03,270 628    [           main] DEBUG source.pooled.PooledDataSource  - Created connection 1514160588.
2019-08-10 11:33:03,270 628    [           main] DEBUG ansaction.jdbc.JdbcTransaction  - Setting autocommit to false on JDBC Connection [com.mysql.jdbc.JDBC4Connection@5a4041cc]
2019-08-10 11:33:03,277 635    [           main] DEBUG .itheima.dao.IUserDao.saveUser  - ==>  Preparing: insert into user values(null,?,?,?,?); 
2019-08-10 11:33:03,331 689    [           main] DEBUG .itheima.dao.IUserDao.saveUser  - ==> Parameters: mybatis saveuser(String), 2019-08-10 11:33:02.831(Timestamp), 男(String), 北京市顺义区(String)
2019-08-10 11:33:03,333 691    [           main] DEBUG .itheima.dao.IUserDao.saveUser  - <==    Updates: 1
2019-08-10 11:33:03,336 694    [           main] DEBUG ao.IUserDao.saveUser!selectKey  - ==>  Preparing: select last_insert_id(); 
2019-08-10 11:33:03,337 695    [           main] DEBUG ao.IUserDao.saveUser!selectKey  - ==> Parameters: 
2019-08-10 11:33:03,368 726    [           main] DEBUG ao.IUserDao.saveUser!selectKey  - <==      Total: 1
2019-08-10 11:33:03,369 727    [           main] DEBUG ansaction.jdbc.JdbcTransaction  - Committing JDBC Connection [com.mysql.jdbc.JDBC4Connection@5a4041cc]
2019-08-10 11:33:03,373 731    [           main] DEBUG ansaction.jdbc.JdbcTransaction  - Resetting autocommit to true on JDBC Connection [com.mysql.jdbc.JDBC4Connection@5a4041cc]
2019-08-10 11:33:03,374 732    [           main] DEBUG ansaction.jdbc.JdbcTransaction  - Closing JDBC Connection [com.mysql.jdbc.JDBC4Connection@5a4041cc]
2019-08-10 11:33:03,374 732    [           main] DEBUG source.pooled.PooledDataSource  - Returned connection 1514160588 to pool.
2019-08-10 15:58:48,092 0      [           main] DEBUG ache.ibatis.logging.LogFactory  - Logging initialized using 'class org.apache.ibatis.logging.log4j.Log4jImpl' adapter.
2019-08-10 15:58:48,139 47     [           main] DEBUG source.pooled.PooledDataSource  - PooledDataSource forcefully closed/removed all connections.
2019-08-10 15:58:48,140 48     [           main] DEBUG source.pooled.PooledDataSource  - PooledDataSource forcefully closed/removed all connections.
2019-08-10 15:58:48,140 48     [           main] DEBUG source.pooled.PooledDataSource  - PooledDataSource forcefully closed/removed all connections.
2019-08-10 15:58:48,140 48     [           main] DEBUG source.pooled.PooledDataSource  - PooledDataSource forcefully closed/removed all connections.
2019-08-10 15:58:48,336 244    [           main] DEBUG ansaction.jdbc.JdbcTransaction  - Opening JDBC Connection
2019-08-10 15:58:48,718 626    [           main] DEBUG source.pooled.PooledDataSource  - Created connection 2109874862.
2019-08-10 15:58:48,719 627    [           main] DEBUG ansaction.jdbc.JdbcTransaction  - Setting autocommit to false on JDBC Connection [com.mysql.jdbc.JDBC4Connection@7dc222ae]
2019-08-10 15:58:48,725 633    [           main] DEBUG eima.dao.IUserDao.findUserByVo  - ==>  Preparing: Select * from user where username like ?; 
2019-08-10 15:58:48,772 680    [           main] DEBUG eima.dao.IUserDao.findUserByVo  - ==> Parameters: %王%(String)
2019-08-10 15:58:48,813 721    [           main] DEBUG eima.dao.IUserDao.findUserByVo  - <==      Total: 4
2019-08-10 15:58:48,814 722    [           main] DEBUG ansaction.jdbc.JdbcTransaction  - Resetting autocommit to true on JDBC Connection [com.mysql.jdbc.JDBC4Connection@7dc222ae]
2019-08-10 15:58:48,815 723    [           main] DEBUG ansaction.jdbc.JdbcTransaction  - Closing JDBC Connection [com.mysql.jdbc.JDBC4Connection@7dc222ae]
2019-08-10 15:58:48,815 723    [           main] DEBUG source.pooled.PooledDataSource  - Returned connection 2109874862 to pool.
2019-08-10 16:12:25,815 0      [           main] DEBUG ache.ibatis.logging.LogFactory  - Logging initialized using 'class org.apache.ibatis.logging.log4j.Log4jImpl' adapter.
2019-08-10 16:12:25,873 58     [           main] DEBUG source.pooled.PooledDataSource  - PooledDataSource forcefully closed/removed all connections.
2019-08-10 16:12:25,873 58     [           main] DEBUG source.pooled.PooledDataSource  - PooledDataSource forcefully closed/removed all connections.
2019-08-10 16:12:25,873 58     [           main] DEBUG source.pooled.PooledDataSource  - PooledDataSource forcefully closed/removed all connections.
2019-08-10 16:12:25,873 58     [           main] DEBUG source.pooled.PooledDataSource  - PooledDataSource forcefully closed/removed all connections.
2019-08-10 16:13:20,438 0      [           main] DEBUG ache.ibatis.logging.LogFactory  - Logging initialized using 'class org.apache.ibatis.logging.log4j.Log4jImpl' adapter.
2019-08-10 16:13:20,492 54     [           main] DEBUG source.pooled.PooledDataSource  - PooledDataSource forcefully closed/removed all connections.
2019-08-10 16:13:20,492 54     [           main] DEBUG source.pooled.PooledDataSource  - PooledDataSource forcefully closed/removed all connections.
2019-08-10 16:13:20,492 54     [           main] DEBUG source.pooled.PooledDataSource  - PooledDataSource forcefully closed/removed all connections.
2019-08-10 16:13:20,492 54     [           main] DEBUG source.pooled.PooledDataSource  - PooledDataSource forcefully closed/removed all connections.
2019-08-10 16:13:20,651 213    [           main] DEBUG ansaction.jdbc.JdbcTransaction  - Opening JDBC Connection
2019-08-10 16:13:21,040 602    [           main] DEBUG source.pooled.PooledDataSource  - Created connection 2109874862.
2019-08-10 16:13:21,041 603    [           main] DEBUG ansaction.jdbc.JdbcTransaction  - Setting autocommit to false on JDBC Connection [com.mysql.jdbc.JDBC4Connection@7dc222ae]
2019-08-10 16:13:21,047 609    [           main] DEBUG theima.dao.IUserDao.findByName  - ==>  Preparing: Select * from user where username like ?; 
2019-08-10 16:13:21,101 663    [           main] DEBUG theima.dao.IUserDao.findByName  - ==> Parameters: %王%(String)
2019-08-10 16:13:21,135 697    [           main] DEBUG theima.dao.IUserDao.findByName  - <==      Total: 4
2019-08-10 16:13:21,136 698    [           main] DEBUG ansaction.jdbc.JdbcTransaction  - Resetting autocommit to true on JDBC Connection [com.mysql.jdbc.JDBC4Connection@7dc222ae]
2019-08-10 16:13:21,136 698    [           main] DEBUG ansaction.jdbc.JdbcTransaction  - Closing JDBC Connection [com.mysql.jdbc.JDBC4Connection@7dc222ae]
2019-08-10 16:13:21,137 699    [           main] DEBUG source.pooled.PooledDataSource  - Returned connection 2109874862 to pool.
2019-08-10 16:19:02,846 0      [           main] DEBUG ache.ibatis.logging.LogFactory  - Logging initialized using 'class org.apache.ibatis.logging.log4j.Log4jImpl' adapter.
2019-08-10 16:19:02,903 57     [           main] DEBUG source.pooled.PooledDataSource  - PooledDataSource forcefully closed/removed all connections.
2019-08-10 16:19:02,903 57     [           main] DEBUG source.pooled.PooledDataSource  - PooledDataSource forcefully closed/removed all connections.
2019-08-10 16:19:02,903 57     [           main] DEBUG source.pooled.PooledDataSource  - PooledDataSource forcefully closed/removed all connections.
2019-08-10 16:19:02,903 57     [           main] DEBUG source.pooled.PooledDataSource  - PooledDataSource forcefully closed/removed all connections.
2019-08-10 16:19:03,076 230    [           main] DEBUG ansaction.jdbc.JdbcTransaction  - Opening JDBC Connection
2019-08-10 16:19:03,461 615    [           main] DEBUG source.pooled.PooledDataSource  - Created connection 22756955.
2019-08-10 16:19:03,462 616    [           main] DEBUG ansaction.jdbc.JdbcTransaction  - Setting autocommit to false on JDBC Connection [com.mysql.jdbc.JDBC4Connection@15b3e5b]
2019-08-10 16:19:03,469 623    [           main] DEBUG .itheima.dao.IUserDao.saveUser  - ==>  Preparing: insert into user values(null,?,?,?,?); 
2019-08-10 16:19:03,555 709    [           main] DEBUG .itheima.dao.IUserDao.saveUser  - ==> Parameters: mybatis saveuser(String), 2019-08-10 16:19:03.057(Timestamp), 男(String), 北京市顺义区(String)
2019-08-10 16:19:03,556 710    [           main] DEBUG .itheima.dao.IUserDao.saveUser  - <==    Updates: 1
2019-08-10 16:19:03,559 713    [           main] DEBUG ao.IUserDao.saveUser!selectKey  - ==>  Preparing: select last_insert_id(); 
2019-08-10 16:19:03,559 713    [           main] DEBUG ao.IUserDao.saveUser!selectKey  - ==> Parameters: 
2019-08-10 16:19:03,585 739    [           main] DEBUG ao.IUserDao.saveUser!selectKey  - <==      Total: 1
2019-08-10 16:19:03,586 740    [           main] DEBUG ansaction.jdbc.JdbcTransaction  - Committing JDBC Connection [com.mysql.jdbc.JDBC4Connection@15b3e5b]
2019-08-10 16:19:03,589 743    [           main] DEBUG ansaction.jdbc.JdbcTransaction  - Resetting autocommit to true on JDBC Connection [com.mysql.jdbc.JDBC4Connection@15b3e5b]
2019-08-10 16:19:03,590 744    [           main] DEBUG ansaction.jdbc.JdbcTransaction  - Closing JDBC Connection [com.mysql.jdbc.JDBC4Connection@15b3e5b]
2019-08-10 16:19:03,591 745    [           main] DEBUG source.pooled.PooledDataSource  - Returned connection 22756955 to pool.
2019-08-10 16:19:29,689 0      [           main] DEBUG ache.ibatis.logging.LogFactory  - Logging initialized using 'class org.apache.ibatis.logging.log4j.Log4jImpl' adapter.
2019-08-10 16:19:29,741 52     [           main] DEBUG source.pooled.PooledDataSource  - PooledDataSource forcefully closed/removed all connections.
2019-08-10 16:19:29,741 52     [           main] DEBUG source.pooled.PooledDataSource  - PooledDataSource forcefully closed/removed all connections.
2019-08-10 16:19:29,741 52     [           main] DEBUG source.pooled.PooledDataSource  - PooledDataSource forcefully closed/removed all connections.
2019-08-10 16:19:29,741 52     [           main] DEBUG source.pooled.PooledDataSource  - PooledDataSource forcefully closed/removed all connections.
2019-08-10 16:19:29,924 235    [           main] DEBUG ansaction.jdbc.JdbcTransaction  - Opening JDBC Connection
2019-08-10 16:19:30,343 654    [           main] DEBUG source.pooled.PooledDataSource  - Created connection 22756955.
2019-08-10 16:19:30,344 655    [           main] DEBUG ansaction.jdbc.JdbcTransaction  - Setting autocommit to false on JDBC Connection [com.mysql.jdbc.JDBC4Connection@15b3e5b]
2019-08-10 16:19:30,353 664    [           main] DEBUG theima.dao.IUserDao.updateUser  - ==>  Preparing: update user set username=?,birthday=?,sex=?,address=? where id=?; 
2019-08-10 16:19:30,447 758    [           main] DEBUG theima.dao.IUserDao.updateUser  - ==> Parameters: mybatis updateuser(String), 2019-08-10 16:19:29.898(Timestamp), 女(String), 北京市顺义区(String), 54(Integer)
2019-08-10 16:19:30,449 760    [           main] DEBUG theima.dao.IUserDao.updateUser  - <==    Updates: 1
2019-08-10 16:19:30,449 760    [           main] DEBUG ansaction.jdbc.JdbcTransaction  - Committing JDBC Connection [com.mysql.jdbc.JDBC4Connection@15b3e5b]
2019-08-10 16:19:30,453 764    [           main] DEBUG ansaction.jdbc.JdbcTransaction  - Resetting autocommit to true on JDBC Connection [com.mysql.jdbc.JDBC4Connection@15b3e5b]
2019-08-10 16:19:30,453 764    [           main] DEBUG ansaction.jdbc.JdbcTransaction  - Closing JDBC Connection [com.mysql.jdbc.JDBC4Connection@15b3e5b]
2019-08-10 16:19:30,454 765    [           main] DEBUG source.pooled.PooledDataSource  - Returned connection 22756955 to pool.
2019-08-10 16:19:54,971 0      [           main] DEBUG ache.ibatis.logging.LogFactory  - Logging initialized using 'class org.apache.ibatis.logging.log4j.Log4jImpl' adapter.
2019-08-10 16:19:55,027 56     [           main] DEBUG source.pooled.PooledDataSource  - PooledDataSource forcefully closed/removed all connections.
2019-08-10 16:19:55,027 56     [           main] DEBUG source.pooled.PooledDataSource  - PooledDataSource forcefully closed/removed all connections.
2019-08-10 16:19:55,027 56     [           main] DEBUG source.pooled.PooledDataSource  - PooledDataSource forcefully closed/removed all connections.
2019-08-10 16:19:55,028 57     [           main] DEBUG source.pooled.PooledDataSource  - PooledDataSource forcefully closed/removed all connections.
2019-08-10 16:19:55,219 248    [           main] DEBUG ansaction.jdbc.JdbcTransaction  - Opening JDBC Connection
2019-08-10 16:19:55,663 692    [           main] DEBUG source.pooled.PooledDataSource  - Created connection 369241501.
2019-08-10 16:19:55,664 693    [           main] DEBUG ansaction.jdbc.JdbcTransaction  - Setting autocommit to false on JDBC Connection [com.mysql.jdbc.JDBC4Connection@16022d9d]
2019-08-10 16:19:55,674 703    [           main] DEBUG m.itheima.dao.IUserDao.findAll  - ==>  Preparing: select * from user; 
2019-08-10 16:19:55,741 770    [           main] DEBUG m.itheima.dao.IUserDao.findAll  - ==> Parameters: 
2019-08-10 16:19:55,785 814    [           main] DEBUG m.itheima.dao.IUserDao.findAll  - <==      Total: 16
2019-08-10 16:19:55,787 816    [           main] DEBUG ansaction.jdbc.JdbcTransaction  - Resetting autocommit to true on JDBC Connection [com.mysql.jdbc.JDBC4Connection@16022d9d]
2019-08-10 16:19:55,788 817    [           main] DEBUG ansaction.jdbc.JdbcTransaction  - Closing JDBC Connection [com.mysql.jdbc.JDBC4Connection@16022d9d]
2019-08-10 16:19:55,789 818    [           main] DEBUG source.pooled.PooledDataSource  - Returned connection 369241501 to pool.
2019-08-10 16:30:50,792 0      [           main] DEBUG ache.ibatis.logging.LogFactory  - Logging initialized using 'class org.apache.ibatis.logging.log4j.Log4jImpl' adapter.
2019-08-10 16:30:50,843 51     [           main] DEBUG source.pooled.PooledDataSource  - PooledDataSource forcefully closed/removed all connections.
2019-08-10 16:30:50,843 51     [           main] DEBUG source.pooled.PooledDataSource  - PooledDataSource forcefully closed/removed all connections.
2019-08-10 16:30:50,843 51     [           main] DEBUG source.pooled.PooledDataSource  - PooledDataSource forcefully closed/removed all connections.
2019-08-10 16:30:50,843 51     [           main] DEBUG source.pooled.PooledDataSource  - PooledDataSource forcefully closed/removed all connections.
2019-08-10 16:30:51,017 225    [           main] DEBUG ansaction.jdbc.JdbcTransaction  - Opening JDBC Connection
2019-08-10 16:30:51,406 614    [           main] DEBUG source.pooled.PooledDataSource  - Created connection 2109874862.
2019-08-10 16:30:51,406 614    [           main] DEBUG ansaction.jdbc.JdbcTransaction  - Setting autocommit to false on JDBC Connection [com.mysql.jdbc.JDBC4Connection@7dc222ae]
2019-08-10 16:30:51,412 620    [           main] DEBUG .itheima.dao.IUserDao.findById  - ==>  Preparing: select * from user where id = ?; 
2019-08-10 16:30:51,466 674    [           main] DEBUG .itheima.dao.IUserDao.findById  - ==> Parameters: 55(Integer)
2019-08-10 16:30:51,499 707    [           main] DEBUG .itheima.dao.IUserDao.findById  - <==      Total: 0
2019-08-10 16:30:51,501 709    [           main] DEBUG ansaction.jdbc.JdbcTransaction  - Resetting autocommit to true on JDBC Connection [com.mysql.jdbc.JDBC4Connection@7dc222ae]
2019-08-10 16:30:51,501 709    [           main] DEBUG ansaction.jdbc.JdbcTransaction  - Closing JDBC Connection [com.mysql.jdbc.JDBC4Connection@7dc222ae]
2019-08-10 16:30:51,502 710    [           main] DEBUG source.pooled.PooledDataSource  - Returned connection 2109874862 to pool.
2019-08-10 16:31:17,934 0      [           main] DEBUG ache.ibatis.logging.LogFactory  - Logging initialized using 'class org.apache.ibatis.logging.log4j.Log4jImpl' adapter.
2019-08-10 16:31:17,985 51     [           main] DEBUG source.pooled.PooledDataSource  - PooledDataSource forcefully closed/removed all connections.
2019-08-10 16:31:17,985 51     [           main] DEBUG source.pooled.PooledDataSource  - PooledDataSource forcefully closed/removed all connections.
2019-08-10 16:31:17,985 51     [           main] DEBUG source.pooled.PooledDataSource  - PooledDataSource forcefully closed/removed all connections.
2019-08-10 16:31:17,985 51     [           main] DEBUG source.pooled.PooledDataSource  - PooledDataSource forcefully closed/removed all connections.
2019-08-10 16:31:18,144 210    [           main] DEBUG ansaction.jdbc.JdbcTransaction  - Opening JDBC Connection
2019-08-10 16:31:18,551 617    [           main] DEBUG source.pooled.PooledDataSource  - Created connection 2109874862.
2019-08-10 16:31:18,551 617    [           main] DEBUG ansaction.jdbc.JdbcTransaction  - Setting autocommit to false on JDBC Connection [com.mysql.jdbc.JDBC4Connection@7dc222ae]
2019-08-10 16:31:18,557 623    [           main] DEBUG .itheima.dao.IUserDao.findById  - ==>  Preparing: select * from user where id = ?; 
2019-08-10 16:31:18,623 689    [           main] DEBUG .itheima.dao.IUserDao.findById  - ==> Parameters: 56(Integer)
2019-08-10 16:31:18,668 734    [           main] DEBUG .itheima.dao.IUserDao.findById  - <==      Total: 1
2019-08-10 16:31:18,670 736    [           main] DEBUG ansaction.jdbc.JdbcTransaction  - Resetting autocommit to true on JDBC Connection [com.mysql.jdbc.JDBC4Connection@7dc222ae]
2019-08-10 16:31:18,670 736    [           main] DEBUG ansaction.jdbc.JdbcTransaction  - Closing JDBC Connection [com.mysql.jdbc.JDBC4Connection@7dc222ae]
2019-08-10 16:31:18,671 737    [           main] DEBUG source.pooled.PooledDataSource  - Returned connection 2109874862 to pool.
2019-08-10 16:43:42,769 0      [           main] DEBUG ache.ibatis.logging.LogFactory  - Logging initialized using 'class org.apache.ibatis.logging.log4j.Log4jImpl' adapter.
2019-08-10 16:43:42,817 48     [           main] DEBUG source.pooled.PooledDataSource  - PooledDataSource forcefully closed/removed all connections.
2019-08-10 16:43:42,817 48     [           main] DEBUG source.pooled.PooledDataSource  - PooledDataSource forcefully closed/removed all connections.
2019-08-10 16:43:42,817 48     [           main] DEBUG source.pooled.PooledDataSource  - PooledDataSource forcefully closed/removed all connections.
2019-08-10 16:43:42,817 48     [           main] DEBUG source.pooled.PooledDataSource  - PooledDataSource forcefully closed/removed all connections.
2019-08-10 16:43:42,993 224    [           main] DEBUG ansaction.jdbc.JdbcTransaction  - Opening JDBC Connection
2019-08-10 16:43:43,398 629    [           main] DEBUG source.pooled.PooledDataSource  - Created connection 1263793464.
2019-08-10 16:43:43,399 630    [           main] DEBUG ansaction.jdbc.JdbcTransaction  - Setting autocommit to false on JDBC Connection [com.mysql.jdbc.JDBC4Connection@4b53f538]
2019-08-10 16:43:43,409 640    [           main] DEBUG m.itheima.dao.IUserDao.findAll  - ==>  Preparing: select * from user; 
2019-08-10 16:43:43,484 715    [           main] DEBUG m.itheima.dao.IUserDao.findAll  - ==> Parameters: 
2019-08-10 16:43:43,528 759    [           main] DEBUG m.itheima.dao.IUserDao.findAll  - <==      Total: 16
2019-08-10 16:43:43,530 761    [           main] DEBUG ansaction.jdbc.JdbcTransaction  - Resetting autocommit to true on JDBC Connection [com.mysql.jdbc.JDBC4Connection@4b53f538]
2019-08-10 16:43:43,531 762    [           main] DEBUG ansaction.jdbc.JdbcTransaction  - Closing JDBC Connection [com.mysql.jdbc.JDBC4Connection@4b53f538]
2019-08-10 16:43:43,531 762    [           main] DEBUG source.pooled.PooledDataSource  - Returned connection 1263793464 to pool.
